TN:
SF:src/http/app.ts
FNF:0
FNH:0
DA:1,1
DA:3,1
DA:5,1
DA:6,1
DA:7,1
DA:9,1
DA:12,1
DA:13,1
DA:16,1
DA:17,1
DA:18,1
DA:19,1
DA:20,1
DA:21,0
DA:22,0
DA:24,1
DA:31,1
DA:32,1
DA:33,1
DA:34,1
DA:37,1
DA:38,2
DA:39,2
DA:40,1
DA:41,1
DA:44,1
DA:46,1
LF:27
LH:25
BRDA:6,0,0,1
BRDA:12,1,0,1
BRDA:16,2,0,1
BRDA:20,3,0,0
BRDA:21,4,0,0
BRDA:26,5,0,1
BRDA:27,6,0,1
BRDA:29,7,0,1
BRDA:37,8,0,2
BRDA:38,9,0,1
BRDA:39,10,0,1
BRDA:44,11,0,3
BRF:12
BRH:10
end_of_record
TN:
SF:src/middleware/auth.ts
FN:16,auth
FNF:1
FNH:1
FNDA:3,auth
DA:16,3
DA:17,3
DA:18,3
DA:19,1
DA:20,1
DA:21,2
DA:22,3
DA:25,2
DA:26,2
DA:27,2
LF:10
LH:10
BRDA:16,0,0,3
BRDA:18,1,0,2
BRDA:18,2,0,2
BRDA:18,3,0,1
BRDA:22,4,0,0
BRDA:22,5,0,2
BRF:6
BRH:5
end_of_record
TN:
SF:src/utils/math.ts
FN:1,sum
FNF:1
FNH:1
FNDA:1,sum
DA:1,1
DA:2,1
DA:3,1
LF:3
LH:3
BRDA:1,0,0,1
BRF:1
BRH:1
end_of_record
