{"/home/runner/work/mag-webapp-v10/mag-webapp-v10/api/src/http/app.ts": {"path":"/home/runner/work/mag-webapp-v10/mag-webapp-v10/api/src/http/app.ts","all":false,"statementMap":{"0":{"start":{"line":1,"column":0},"end":{"line":1,"column":30}},"2":{"start":{"line":3,"column":0},"end":{"line":3,"column":22}},"4":{"start":{"line":5,"column":0},"end":{"line":5,"column":38}},"5":{"start":{"line":6,"column":0},"end":{"line":6,"column":70}},"6":{"start":{"line":7,"column":0},"end":{"line":7,"column":1}},"8":{"start":{"line":9,"column":0},"end":{"line":9,"column":24}},"11":{"start":{"line":12,"column":0},"end":{"line":12,"column":70}},"12":{"start":{"line":13,"column":0},"end":{"line":13,"column":71}},"15":{"start":{"line":16,"column":0},"end":{"line":16,"column":36}},"16":{"start":{"line":17,"column":0},"end":{"line":17,"column":16}},"17":{"start":{"line":18,"column":0},"end":{"line":18,"column":29}},"18":{"start":{"line":19,"column":0},"end":{"line":19,"column":40}},"19":{"start":{"line":20,"column":0},"end":{"line":20,"column":29}},"20":{"start":{"line":21,"column":0},"end":{"line":21,"column":29}},"21":{"start":{"line":22,"column":0},"end":{"line":22,"column":9}},"23":{"start":{"line":24,"column":0},"end":{"line":24,"column":19}},"30":{"start":{"line":31,"column":0},"end":{"line":31,"column":11}},"31":{"start":{"line":32,"column":0},"end":{"line":32,"column":4}},"32":{"start":{"line":33,"column":0},"end":{"line":33,"column":20}},"33":{"start":{"line":34,"column":0},"end":{"line":34,"column":3}},"36":{"start":{"line":37,"column":0},"end":{"line":37,"column":35}},"37":{"start":{"line":38,"column":0},"end":{"line":38,"column":74}},"38":{"start":{"line":39,"column":0},"end":{"line":39,"column":68}},"39":{"start":{"line":40,"column":0},"end":{"line":40,"column":34}},"40":{"start":{"line":41,"column":0},"end":{"line":41,"column":3}},"43":{"start":{"line":44,"column":0},"end":{"line":44,"column":69}},"45":{"start":{"line":46,"column":0},"end":{"line":46,"column":19}}},"s":{"0":1,"2":1,"4":1,"5":1,"6":1,"8":1,"11":1,"12":1,"15":1,"16":1,"17":1,"18":1,"19":1,"20":0,"21":0,"23":1,"30":1,"31":1,"32":1,"33":1,"36":1,"37":2,"38":2,"39":1,"40":1,"43":1,"45":1},"branchMap":{"0":{"type":"branch","line":6,"loc":{"start":{"line":6,"column":23},"end":{"line":6,"column":68}},"locations":[{"start":{"line":6,"column":23},"end":{"line":6,"column":68}}]},"1":{"type":"branch","line":12,"loc":{"start":{"line":12,"column":19},"end":{"line":12,"column":68}},"locations":[{"start":{"line":12,"column":19},"end":{"line":12,"column":68}}]},"2":{"type":"branch","line":16,"loc":{"start":{"line":16,"column":20},"end":{"line":34,"column":3}},"locations":[{"start":{"line":16,"column":20},"end":{"line":34,"column":3}}]},"3":{"type":"branch","line":20,"loc":{"start":{"line":20,"column":16},"end":{"line":21,"column":29}},"locations":[{"start":{"line":20,"column":16},"end":{"line":21,"column":29}}]},"4":{"type":"branch","line":21,"loc":{"start":{"line":21,"column":16},"end":{"line":22,"column":9}},"locations":[{"start":{"line":21,"column":16},"end":{"line":22,"column":9}}]},"5":{"type":"branch","line":26,"loc":{"start":{"line":26,"column":22},"end":{"line":26,"column":48}},"locations":[{"start":{"line":26,"column":22},"end":{"line":26,"column":48}}]},"6":{"type":"branch","line":27,"loc":{"start":{"line":27,"column":25},"end":{"line":27,"column":54}},"locations":[{"start":{"line":27,"column":25},"end":{"line":27,"column":54}}]},"7":{"type":"branch","line":29,"loc":{"start":{"line":29,"column":9},"end":{"line":29,"column":47}},"locations":[{"start":{"line":29,"column":9},"end":{"line":29,"column":47}}]},"8":{"type":"branch","line":37,"loc":{"start":{"line":37,"column":20},"end":{"line":41,"column":3}},"locations":[{"start":{"line":37,"column":20},"end":{"line":41,"column":3}}]},"9":{"type":"branch","line":38,"loc":{"start":{"line":38,"column":41},"end":{"line":38,"column":74}},"locations":[{"start":{"line":38,"column":41},"end":{"line":38,"column":74}}]},"10":{"type":"branch","line":39,"loc":{"start":{"line":39,"column":13},"end":{"line":41,"column":3}},"locations":[{"start":{"line":39,"column":13},"end":{"line":41,"column":3}}]},"11":{"type":"branch","line":44,"loc":{"start":{"line":44,"column":8},"end":{"line":44,"column":67}},"locations":[{"start":{"line":44,"column":8},"end":{"line":44,"column":67}}]}},"b":{"0":[1],"1":[1],"2":[1],"3":[0],"4":[0],"5":[1],"6":[1],"7":[1],"8":[2],"9":[1],"10":[1],"11":[3]},"fnMap":{},"f":{}}
,"/home/runner/work/mag-webapp-v10/mag-webapp-v10/api/src/middleware/auth.ts": {"path":"/home/runner/work/mag-webapp-v10/mag-webapp-v10/api/src/middleware/auth.ts","all":false,"statementMap":{"15":{"start":{"line":16,"column":0},"end":{"line":16,"column":79}},"16":{"start":{"line":17,"column":0},"end":{"line":17,"column":40}},"17":{"start":{"line":18,"column":0},"end":{"line":18,"column":39}},"18":{"start":{"line":19,"column":0},"end":{"line":19,"column":59}},"19":{"start":{"line":20,"column":0},"end":{"line":20,"column":3}},"20":{"start":{"line":21,"column":0},"end":{"line":21,"column":34}},"21":{"start":{"line":22,"column":0},"end":{"line":22,"column":69}},"24":{"start":{"line":25,"column":0},"end":{"line":25,"column":33}},"25":{"start":{"line":26,"column":0},"end":{"line":26,"column":9}},"26":{"start":{"line":27,"column":0},"end":{"line":27,"column":1}}},"s":{"15":3,"16":3,"17":3,"18":1,"19":1,"20":2,"21":3,"24":2,"25":2,"26":2},"branchMap":{"0":{"type":"branch","line":16,"loc":{"start":{"line":16,"column":0},"end":{"line":27,"column":1}},"locations":[{"start":{"line":16,"column":0},"end":{"line":27,"column":1}}]},"1":{"type":"branch","line":18,"loc":{"start":{"line":18,"column":7},"end":{"line":18,"column":38}},"locations":[{"start":{"line":18,"column":7},"end":{"line":18,"column":38}}]},"2":{"type":"branch","line":18,"loc":{"start":{"line":18,"column":38},"end":{"line":22,"column":21}},"locations":[{"start":{"line":18,"column":38},"end":{"line":22,"column":21}}]},"3":{"type":"branch","line":18,"loc":{"start":{"line":18,"column":38},"end":{"line":20,"column":3}},"locations":[{"start":{"line":18,"column":38},"end":{"line":20,"column":3}}]},"4":{"type":"branch","line":22,"loc":{"start":{"line":22,"column":14},"end":{"line":22,"column":69}},"locations":[{"start":{"line":22,"column":14},"end":{"line":22,"column":69}}]},"5":{"type":"branch","line":22,"loc":{"start":{"line":22,"column":67},"end":{"line":27,"column":1}},"locations":[{"start":{"line":22,"column":67},"end":{"line":27,"column":1}}]}},"b":{"0":[3],"1":[2],"2":[2],"3":[1],"4":[0],"5":[2]},"fnMap":{"0":{"name":"auth","decl":{"start":{"line":16,"column":0},"end":{"line":27,"column":1}},"loc":{"start":{"line":16,"column":0},"end":{"line":27,"column":1}},"line":16}},"f":{"0":3}}
,"/home/runner/work/mag-webapp-v10/mag-webapp-v10/api/src/utils/math.ts": {"path":"/home/runner/work/mag-webapp-v10/mag-webapp-v10/api/src/utils/math.ts","all":false,"statementMap":{"0":{"start":{"line":1,"column":0},"end":{"line":1,"column":43}},"1":{"start":{"line":2,"column":0},"end":{"line":2,"column":15}},"2":{"start":{"line":3,"column":0},"end":{"line":3,"column":1}}},"s":{"0":1,"1":1,"2":1},"branchMap":{"0":{"type":"branch","line":1,"loc":{"start":{"line":1,"column":7},"end":{"line":3,"column":1}},"locations":[{"start":{"line":1,"column":7},"end":{"line":3,"column":1}}]}},"b":{"0":[1]},"fnMap":{"0":{"name":"sum","decl":{"start":{"line":1,"column":7},"end":{"line":3,"column":1}},"loc":{"start":{"line":1,"column":7},"end":{"line":3,"column":1}},"line":1}},"f":{"0":1}}
}
